# JRE version: OpenJDK Runtime Environment (8.0_242-b01) (build 1.8.0_242-release-1644-b01)
# Java VM: OpenJDK 64-Bit Server VM (25.242-b01 mixed mode windows-amd64 compressed oops)
Heap:
 PSYoungGen      total 393728K, used 102601K [0x00000000d5580000, 0x00000000efe80000, 0x0000000100000000)
  eden space 367616K, 20% used [0x00000000d5580000,0x00000000da0336f0,0x00000000ebc80000)
  from space 26112K, 99% used [0x00000000ee100000,0x00000000efa7f0e0,0x00000000efa80000)
  to   space 33792K, 0% used [0x00000000ebc80000,0x00000000ebc80000,0x00000000edd80000)
 ParOldGen       total 219648K, used 44233K [0x0000000080000000, 0x000000008d680000, 0x00000000d5580000)
  object space 219648K, 20% used [0x0000000080000000,0x0000000082b32410,0x000000008d680000)
 Metaspace       used 83027K, capacity 88164K, committed 88344K, reserved 1126400K
  class space    used 11181K, capacity 12072K, committed 12072K, reserved 1048576K
GC Heap History (10 events):
Event: 4.639 GC heap before
{Heap before GC invocations=9 (full 2):
 PSYoungGen      total 236032K, used 220160K [0x00000000d5580000, 0x00000000e4a80000, 0x0000000100000000)
  eden space 220160K, 100% used [0x00000000d5580000,0x00000000e2c80000,0x00000000e2c80000)
  from space 15872K, 0% used [0x00000000e3b00000,0x00000000e3b00000,0x00000000e4a80000)
  to   space 14848K, 0% used [0x00000000e2c80000,0x00000000e2c80000,0x00000000e3b00000)
 ParOldGen       total 147968K, used 16000K [0x0000000080000000, 0x0000000089080000, 0x00000000d5580000)
  object space 147968K, 10% used [0x0000000080000000,0x0000000080fa0150,0x0000000089080000)
 Metaspace       used 51835K, capacity 53780K, committed 53928K, reserved 1095680K
  class space    used 6891K, capacity 7303K, committed 7336K, reserved 1048576K
Event: 4.654 GC heap after
Heap after GC invocations=9 (full 2):
 PSYoungGen      total 235008K, used 14839K [0x00000000d5580000, 0x00000000eb980000, 0x0000000100000000)
  eden space 220160K, 0% used [0x00000000d5580000,0x00000000d5580000,0x00000000e2c80000)
  from space 14848K, 99% used [0x00000000e2c80000,0x00000000e3afde60,0x00000000e3b00000)
  to   space 21504K, 0% used [0x00000000ea480000,0x00000000ea480000,0x00000000eb980000)
 ParOldGen       total 147968K, used 26142K [0x0000000080000000, 0x0000000089080000, 0x00000000d5580000)
  object space 147968K, 17% used [0x0000000080000000,0x0000000081987930,0x0000000089080000)
 Metaspace       used 51835K, capacity 53780K, committed 53928K, reserved 1095680K
  class space    used 6891K, capacity 7303K, committed 7336K, reserved 1048576K
}
Event: 5.141 GC heap before
{Heap before GC invocations=10 (full 2):
 PSYoungGen      total 235008K, used 67249K [0x00000000d5580000, 0x00000000eb980000, 0x0000000100000000)
  eden space 220160K, 23% used [0x00000000d5580000,0x00000000d88ae888,0x00000000e2c80000)
  from space 14848K, 99% used [0x00000000e2c80000,0x00000000e3afde60,0x00000000e3b00000)
  to   space 21504K, 0% used [0x00000000ea480000,0x00000000ea480000,0x00000000eb980000)
 ParOldGen       total 147968K, used 26142K [0x0000000080000000, 0x0000000089080000, 0x00000000d5580000)
  object space 147968K, 17% used [0x0000000080000000,0x0000000081987930,0x0000000089080000)
 Metaspace       used 56882K, capacity 59028K, committed 59160K, reserved 1099776K
  class space    used 7666K, capacity 8129K, committed 8232K, reserved 1048576K
Event: 5.150 GC heap after
Heap after GC invocations=10 (full 2):
 PSYoungGen      total 340480K, used 19721K [0x00000000d5580000, 0x00000000ebe80000, 0x0000000100000000)
  eden space 318976K, 0% used [0x00000000d5580000,0x00000000d5580000,0x00000000e8d00000)
  from space 21504K, 91% used [0x00000000ea480000,0x00000000eb7c2498,0x00000000eb980000)
  to   space 24064K, 0% used [0x00000000e8d00000,0x00000000e8d00000,0x00000000ea480000)
 ParOldGen       total 147968K, used 26150K [0x0000000080000000, 0x0000000089080000, 0x00000000d5580000)
  object space 147968K, 17% used [0x0000000080000000,0x0000000081989930,0x0000000089080000)
 Metaspace       used 56882K, capacity 59028K, committed 59160K, reserved 1099776K
  class space    used 7666K, capacity 8129K, committed 8232K, reserved 1048576K
}
Event: 5.150 GC heap before
{Heap before GC invocations=11 (full 3):
 PSYoungGen      total 340480K, used 19721K [0x00000000d5580000, 0x00000000ebe80000, 0x0000000100000000)
  eden space 318976K, 0% used [0x00000000d5580000,0x00000000d5580000,0x00000000e8d00000)
  from space 21504K, 91% used [0x00000000ea480000,0x00000000eb7c2498,0x00000000eb980000)
  to   space 24064K, 0% used [0x00000000e8d00000,0x00000000e8d00000,0x00000000ea480000)
 ParOldGen       total 147968K, used 26150K [0x0000000080000000, 0x0000000089080000, 0x00000000d5580000)
  object space 147968K, 17% used [0x0000000080000000,0x0000000081989930,0x0000000089080000)
 Metaspace       used 56882K, capacity 59028K, committed 59160K, reserved 1099776K
  class space    used 7666K, capacity 8129K, committed 8232K, reserved 1048576K
Event: 5.281 GC heap after
Heap after GC invocations=11 (full 3):
 PSYoungGen      total 340480K, used 0K [0x00000000d5580000, 0x00000000ebe80000, 0x0000000100000000)
  eden space 318976K, 0% used [0x00000000d5580000,0x00000000d5580000,0x00000000e8d00000)
  from space 21504K, 0% used [0x00000000ea480000,0x00000000ea480000,0x00000000eb980000)
  to   space 24064K, 0% used [0x00000000e8d00000,0x00000000e8d00000,0x00000000ea480000)
 ParOldGen       total 219648K, used 32131K [0x0000000080000000, 0x000000008d680000, 0x00000000d5580000)
  object space 219648K, 14% used [0x0000000080000000,0x0000000081f60d60,0x000000008d680000)
 Metaspace       used 56821K, capacity 58818K, committed 59160K, reserved 1099776K
  class space    used 7647K, capacity 8094K, committed 8232K, reserved 1048576K
}
Event: 6.784 GC heap before
{Heap before GC invocations=12 (full 3):
 PSYoungGen      total 340480K, used 318976K [0x00000000d5580000, 0x00000000ebe80000, 0x0000000100000000)
  eden space 318976K, 100% used [0x00000000d5580000,0x00000000e8d00000,0x00000000e8d00000)
  from space 21504K, 0% used [0x00000000ea480000,0x00000000ea480000,0x00000000eb980000)
  to   space 24064K, 0% used [0x00000000e8d00000,0x00000000e8d00000,0x00000000ea480000)
 ParOldGen       total 219648K, used 32131K [0x0000000080000000, 0x000000008d680000, 0x00000000d5580000)
  object space 219648K, 14% used [0x0000000080000000,0x0000000081f60d60,0x000000008d680000)
 Metaspace       used 66977K, capacity 71270K, committed 71448K, reserved 1110016K
  class space    used 9217K, capacity 10018K, committed 10024K, reserved 1048576K
Event: 6.797 GC heap after
Heap after GC invocations=12 (full 3):
 PSYoungGen      total 343040K, used 20311K [0x00000000d5580000, 0x00000000efa80000, 0x0000000100000000)
  eden space 318976K, 0% used [0x00000000d5580000,0x00000000d5580000,0x00000000e8d00000)
  from space 24064K, 84% used [0x00000000e8d00000,0x00000000ea0d5ce0,0x00000000ea480000)
  to   space 26112K, 0% used [0x00000000ee100000,0x00000000ee100000,0x00000000efa80000)
 ParOldGen       total 219648K, used 32139K [0x0000000080000000, 0x000000008d680000, 0x00000000d5580000)
  object space 219648K, 14% used [0x0000000080000000,0x0000000081f62d60,0x000000008d680000)
 Metaspace       used 66977K, capacity 71270K, committed 71448K, reserved 1110016K
  class space    used 9217K, capacity 10018K, committed 10024K, reserved 1048576K
}
Event: 299.828 GC heap before
{Heap before GC invocations=13 (full 3):
 PSYoungGen      total 343040K, used 339287K [0x00000000d5580000, 0x00000000efa80000, 0x0000000100000000)
  eden space 318976K, 100% used [0x00000000d5580000,0x00000000e8d00000,0x00000000e8d00000)
  from space 24064K, 84% used [0x00000000e8d00000,0x00000000ea0d5ce0,0x00000000ea480000)
  to   space 26112K, 0% used [0x00000000ee100000,0x00000000ee100000,0x00000000efa80000)
 ParOldGen       total 219648K, used 32139K [0x0000000080000000, 0x000000008d680000, 0x00000000d5580000)
  object space 219648K, 14% used [0x0000000080000000,0x0000000081f62d60,0x000000008d680000)
 Metaspace       used 80567K, capacity 85492K, committed 85656K, reserved 1124352K
  class space    used 10802K, capacity 11669K, committed 11688K, reserved 1048576K
Event: 299.860 GC heap after
Heap after GC invocations=13 (full 3):
 PSYoungGen      total 393728K, used 26108K [0x00000000d5580000, 0x00000000efe80000, 0x0000000100000000)
  eden space 367616K, 0% used [0x00000000d5580000,0x00000000d5580000,0x00000000ebc80000)
  from space 26112K, 99% used [0x00000000ee100000,0x00000000efa7f0e0,0x00000000efa80000)
  to   space 33792K, 0% used [0x00000000ebc80000,0x00000000ebc80000,0x00000000edd80000)
 ParOldGen       total 219648K, used 44233K [0x0000000080000000, 0x000000008d680000, 0x00000000d5580000)
  object space 219648K, 20% used [0x0000000080000000,0x0000000082b32410,0x000000008d680000)
 Metaspace       used 80567K, capacity 85492K, committed 85656K, reserved 1124352K
  class space    used 10802K, capacity 11669K, committed 11688K, reserved 1048576K
}

